TOOL:	xrun(64)	24.09-s005: Started on Oct 16, 2025 at 21:27:34 CEST
xrun
	-F ../tb/tb.f
		../../common/simple_uart_switch.sv
		simple_uart_switch_tb.sv
	-v93
	+nowarnDSEM2009
	+nowarnDSEMEL
	+nowarnCGDEFN
	+nowarnCOVUTA
	+nowarnBADPRF
	+nowarnXCLGNOPTM
	+nowarnRNDXCELON
	+nowarnSAWSTP
	-xmlibdirname INCA_libs_gui
	+access+r
	+gui
	+overwrite
	-nocopyright
	-coverage all
	-covoverwrite
	-covfile xrun_covfile.txt
	+UVM_TESTNAME=lab01
	-l xrun_gui.log
Compiling UVM packages (uvm_pkg.sv cdns_uvm_pkg.sv) using uvmhome location /eda/cadence/2024-25/RHELx86/XCELIUM_24.09.005/tools/methodology/UVM/CDNS-1.1d
		Caching library 'worklib' ....... Done
	Elaborating the design hierarchy:
	Top level design units:
		top

	Extracting FSMs for coverage:
		worklib.top
	Total FSMs extracted = 0
	Building instance overlay tables: .................... Done
	Enabling instrumentation for coverage types: block expression FSM toggle functional
	Building instance specific data structures.
	Performing constant object marking (COM) analysis.
	Loading native compiled code:     .................... Done
	Design hierarchy summary:
		              Instances  Unique
		Modules:              2       2
		Registers:           44      44
		Scalar wires:        10       -
		Always blocks:        3       3
		Initial blocks:       3       3
		Final blocks:         1       1
		Cont. assignments:    1       2
		Pseudo assignments:   3       -
	Writing initial simulation snapshot: worklib.top:sv
xmsim: *W,NOMTDGUI: Multi-Threaded Dumping is disabled for interactive debug mode.

-------------------------------------
Relinquished control to SimVision...
xcelium> 
xcelium> source /eda/cadence/2024-25/RHELx86/XCELIUM_24.09.005/tools/xcelium/files/xmsimrc
xcelium> source /eda/cadence/2024-25/RHELx86/XCELIUM_24.09.005/tools/methodology/UVM/CDNS-1.1d/additions/sv/files/tcl/uvm_sim.tcl
xcelium> database -open waves -into waves.shm -default
Created default SHM database waves
xcelium> probe -create -shm top.clk top.prog top.sin top.sout0 top.sout1
Created probe 1
xcelium> run
[7870] Programmed addr=fe -> port=0
[16550] Programmed target=fe -> data=-30
[24230] Programmed target=fe -> data=-30
[31910] Programmed target=fe -> data=-30
[39590] Programmed target=fe -> data=-30
[47270] Programmed target=fe -> data=-30
[1;30m[102m-----------------------------------
----------- Test PASSED -----------
-----------------------------------[0m

[1;30m[102m-----------------------------------
----------- Test PASSED -----------
-----------------------------------[0m

Simulation complete via $finish(1) at time 47270 NS + 0
../tb/simple_uart_switch_tb.sv:154         $finish;
xcelium> 